{"/home/pontotel-/dev-pontotel/my-personal-page/src/components/AButton/AButton.vue": {"path":"/home/pontotel-/dev-pontotel/my-personal-page/src/components/AButton/AButton.vue","statementMap":{"0":{"start":{"line":3,"column":0},"end":{"line":3,"column":null}},"1":{"start":{"line":12,"column":21},"end":{"line":12,"column":30}},"2":{"start":{"line":13,"column":2},"end":{"line":13,"column":9}}},"fnMap":{"0":{"name":"(anonymous_1)","decl":{"start":{"line":12,"column":30},"end":{"line":12,"column":null}},"loc":{"start":{"line":12,"column":30},"end":{"line":14,"column":null}}}},"branchMap":{},"s":{"0":1,"1":2,"2":2},"f":{"0":2},"b":{}}
}
